Arguments: 
  /Users/mty/.nvm/versions/node/v16.13.0/bin/node /Users/mty/.nvm/versions/node/v16.13.0/bin/yarn init

PATH: 
  /usr/local/opt/libpcap/bin:/usr/local/opt/sqlite/bin:/Users/mty/.nvm/versions/node/v16.13.0/bin:/Users/mty/.nvm/versions/node/v16.13.0/bin:/Library/Frameworks/Python.framework/Versions/3.9/bin:/usr/local/bin:/usr/bin:/bin:/usr/sbin:/sbin:/usr/local/go/bin:/usr/local/share/dotnet:~/.dotnet/tools:/Library/Apple/usr/bin:/Library/Frameworks/Mono.framework/Versions/Current/Commands:/usr/local/opt/libpcap/bin:/usr/local/opt/sqlite/bin:/Users/mty/.nvm/versions/node/v16.13.0/bin:/Library/Frameworks/Python.framework/Versions/3.9/bin:/Users/mty/Development/flutter/bin://Users/mty/go/bin:/usr/local/go:/Users/mty/go:/Users/mty/go/bin:/Users/mty/Development/flutter/bin://Users/mty/go/bin:/usr/local/go:/Users/mty/go:/Users/mty/go/bin

Yarn version: 
  1.22.17

Node version: 
  16.13.0

Platform: 
  darwin x64

Trace: 
  Error: canceled
      at Interface.<anonymous> (/Users/mty/.nvm/versions/node/v16.13.0/lib/node_modules/yarn/lib/cli.js:137143:13)
      at Interface.emit (node:events:390:28)
      at Interface._ttyWrite (node:readline:1081:16)
      at ReadStream.onkeypress (node:readline:288:10)
      at ReadStream.emit (node:events:390:28)
      at emitKeys (node:internal/readline/utils:358:14)
      at emitKeys.next (<anonymous>)
      at ReadStream.onData (node:internal/readline/emitKeypressEvents:61:36)
      at ReadStream.emit (node:events:390:28)
      at addChunk (node:internal/streams/readable:315:12)

npm manifest: 
  No manifest

yarn manifest: 
  No manifest

Lockfile: 
  No lockfile
